app/build/outputs/logs/manifest-merger-release-report.txt
-- Merging decision tree log ---
manifest
ADDED from src\main\AndroidManifest.xml:2:1-63:12
	package
		ADDED from src\main\AndroidManifest.xml:3:5-34
		INJECTED from src\main\AndroidManifest.xml
		INJECTED from src\main\AndroidManifest.xml
	android:versionName
		ADDED from src\main\AndroidManifest.xml:5:5-30
		INJECTED from src\main\AndroidManifest.xml
		INJECTED from src\main\AndroidManifest.xml
	android:versionCode
		ADDED from src\main\AndroidManifest.xml:4:5-28
		INJECTED from src\main\AndroidManifest.xml
		INJECTED from src\main\AndroidManifest.xml
	xmlns:android
		ADDED from src\main\AndroidManifest.xml:2:11-69
uses-sdk
ADDED from src\main\AndroidManifest.xml:7:5-9:41
MERGED from [com.android.support:support-v4:21.0.3] AndroidManifest.xml:15:5-42
	android:targetSdkVersion
		ADDED from src\main\AndroidManifest.xml:9:9-38
		INJECTED from src\main\AndroidManifest.xml
		INJECTED from src\main\AndroidManifest.xml
	android:minSdkVersion
		ADDED from src\main\AndroidManifest.xml:8:9-34
		INJECTED from src\main\AndroidManifest.xml
		INJECTED from src\main\AndroidManifest.xml
application
ADDED from src\main\AndroidManifest.xml:11:5-61:19
MERGED from [com.android.support:support-v4:21.0.3] AndroidManifest.xml:16:5-19
	android:label
		ADDED from src\main\AndroidManifest.xml:15:9-41
	android:allowBackup
		ADDED from src\main\AndroidManifest.xml:13:9-35
	android:icon
		ADDED from src\main\AndroidManifest.xml:14:9-38
	android:theme
		ADDED from src\main\AndroidManifest.xml:16:11-64
	android:name
		ADDED from src\main\AndroidManifest.xml:12:9-48
activity#com.zdsoft.activity.LoginActivity
ADDED from src\main\AndroidManifest.xml:17:9-25:20
	android:label
		ADDED from src\main\AndroidManifest.xml:19:13-45
	android:name
		ADDED from src\main\AndroidManifest.xml:18:13-61
intent-filter#android.intent.action.MAIN+android.intent.category.LAUNCHER
ADDED from src\main\AndroidManifest.xml:20:13-24:29
action#android.intent.action.MAIN
ADDED from src\main\AndroidManifest.xml:21:17-69
	android:name
		ADDED from src\main\AndroidManifest.xml:21:25-66
category#android.intent.category.LAUNCHER
ADDED from src\main\AndroidManifest.xml:23:17-77
	android:name
		ADDED from src\main\AndroidManifest.xml:23:27-74
activity#com.zdsoft.activity.MainActivity
ADDED from src\main\AndroidManifest.xml:27:10-30:52
	android:screenOrientation
		ADDED from src\main\AndroidManifest.xml:30:14-50
	android:windowSoftInputMode
		ADDED from src\main\AndroidManifest.xml:29:14-73
	android:name
		ADDED from src\main\AndroidManifest.xml:28:14-61
activity#com.zdsoft.activity.AddAccountActivity
ADDED from src\main\AndroidManifest.xml:32:12-35:52
	android:screenOrientation
		ADDED from src\main\AndroidManifest.xml:35:14-50
	android:windowSoftInputMode
		ADDED from src\main\AndroidManifest.xml:34:14-73
	android:name
		ADDED from src\main\AndroidManifest.xml:33:14-67
activity#com.zdsoft.activity.TransferAccountsActivity
ADDED from src\main\AndroidManifest.xml:37:14-40:52
	android:screenOrientation
		ADDED from src\main\AndroidManifest.xml:40:14-50
	android:windowSoftInputMode
		ADDED from src\main\AndroidManifest.xml:39:14-73
	android:name
		ADDED from src\main\AndroidManifest.xml:38:14-73
activity#com.zdsoft.activity.AddNotesActivity
ADDED from src\main\AndroidManifest.xml:42:14-45:52
	android:screenOrientation
		ADDED from src\main\AndroidManifest.xml:45:14-50
	android:windowSoftInputMode
		ADDED from src\main\AndroidManifest.xml:44:14-73
	android:name
		ADDED from src\main\AndroidManifest.xml:43:14-65
activity#com.zdsoft.activity.SelectAccountActivty
ADDED from src\main\AndroidManifest.xml:47:15-50:20
	android:theme
		ADDED from src\main\AndroidManifest.xml:49:13-55
	android:name
		ADDED from src\main\AndroidManifest.xml:48:13-68
activity#com.zdsoft.activity.NotesInfoActivity
ADDED from src\main\AndroidManifest.xml:52:17-56:20
	android:screenOrientation
		ADDED from src\main\AndroidManifest.xml:55:14-50
	android:windowSoftInputMode
		ADDED from src\main\AndroidManifest.xml:54:13-72
	android:name
		ADDED from src\main\AndroidManifest.xml:53:13-65